<?xml version="1.0" encoding="UTF-8"?>
<testng-results ignored="0" total="1" passed="1" failed="0" skipped="0">
  <reporter-output>
  </reporter-output>
  <suite started-at="2020-04-29T12:59:56 IST" name="Suite" finished-at="2020-04-29T12:59:57 IST" duration-ms="69">
    <groups>
    </groups>
    <test started-at="2020-04-29T12:59:56 IST" name="Test" finished-at="2020-04-29T12:59:57 IST" duration-ms="69">
      <class name="com.PracticeTest.MavenProject.SeleniumTest">
        <test-method signature="Dummy1()[pri:0, instance:com.PracticeTest.MavenProject.SeleniumTest@7bb58ca3]" started-at="2020-04-29T12:59:56 IST" name="Dummy1" finished-at="2020-04-29T12:59:56 IST" duration-ms="4" status="PASS">
          <reporter-output>
          </reporter-output>
        </test-method> <!-- Dummy1 -->
      </class> <!-- com.PracticeTest.MavenProject.SeleniumTest -->
    </test> <!-- Test -->
  </suite> <!-- Suite -->
</testng-results>
